<?xml version="1.0" encoding="UTF-8"?>
<testsuites>
  <testsuite name="/var/www/no-borders.ru/wp-content/plugins/wp-addon-plugin/phpunit.xml" tests="108" assertions="196" errors="22" failures="0" skipped="3" time="0.219436">
    <testsuite name="unit" tests="102" assertions="188" errors="22" failures="0" skipped="0" time="0.205861">
      <testsuite name="Tests\Unit\AssetMinificationEdgeCasesTest" file="tests/Unit/AssetMinificationEdgeCasesTest.php" tests="24" assertions="31" errors="0" failures="0" skipped="0" time="0.018312">
        <testcase name="`AssetMinification Edge Cases` → it processes assets with empty queue" file="tests/Unit/AssetMinificationEdgeCasesTest.php::`AssetMinification Edge Cases` → it processes assets with empty queue" class="Tests\Unit\AssetMinificationEdgeCasesTest" classname="Tests.Unit.AssetMinificationEdgeCasesTest" assertions="2" time="0.007877"/>
        <testcase name="`AssetMinification Edge Cases` → it processes assets with null wp_styles" file="tests/Unit/AssetMinificationEdgeCasesTest.php::`AssetMinification Edge Cases` → it processes assets with null wp_styles" class="Tests\Unit\AssetMinificationEdgeCasesTest" classname="Tests.Unit.AssetMinificationEdgeCasesTest" assertions="1" time="0.000587"/>
        <testcase name="`AssetMinification Edge Cases` → it processes assets with null wp_scripts" file="tests/Unit/AssetMinificationEdgeCasesTest.php::`AssetMinification Edge Cases` → it processes assets with null wp_scripts" class="Tests\Unit\AssetMinificationEdgeCasesTest" classname="Tests.Unit.AssetMinificationEdgeCasesTest" assertions="1" time="0.000380"/>
        <testcase name="`AssetMinification Edge Cases` → it does not process assets with empty src" file="tests/Unit/AssetMinificationEdgeCasesTest.php::`AssetMinification Edge Cases` → it does not process assets with empty src" class="Tests\Unit\AssetMinificationEdgeCasesTest" classname="Tests.Unit.AssetMinificationEdgeCasesTest" assertions="1" time="0.000380"/>
        <testcase name="`AssetMinification Edge Cases` → it does not process assets with null src" file="tests/Unit/AssetMinificationEdgeCasesTest.php::`AssetMinification Edge Cases` → it does not process assets with null src" class="Tests\Unit\AssetMinificationEdgeCasesTest" classname="Tests.Unit.AssetMinificationEdgeCasesTest" assertions="1" time="0.000334"/>
        <testcase name="`AssetMinification Edge Cases` → it does not process assets with invalid path" file="tests/Unit/AssetMinificationEdgeCasesTest.php::`AssetMinification Edge Cases` → it does not process assets with invalid path" class="Tests\Unit\AssetMinificationEdgeCasesTest" classname="Tests.Unit.AssetMinificationEdgeCasesTest" assertions="1" time="0.000347"/>
        <testcase name="`AssetMinification Edge Cases` → it handles malformed CSS gracefully" file="tests/Unit/AssetMinificationEdgeCasesTest.php::`AssetMinification Edge Cases` → it handles malformed CSS gracefully" class="Tests\Unit\AssetMinificationEdgeCasesTest" classname="Tests.Unit.AssetMinificationEdgeCasesTest" assertions="1" time="0.000489"/>
        <testcase name="`AssetMinification Edge Cases` → it handles malformed JS gracefully" file="tests/Unit/AssetMinificationEdgeCasesTest.php::`AssetMinification Edge Cases` → it handles malformed JS gracefully" class="Tests\Unit\AssetMinificationEdgeCasesTest" classname="Tests.Unit.AssetMinificationEdgeCasesTest" assertions="1" time="0.000385"/>
        <testcase name="`AssetMinification Edge Cases` → it returns empty string for empty URL" file="tests/Unit/AssetMinificationEdgeCasesTest.php::`AssetMinification Edge Cases` → it returns empty string for empty URL" class="Tests\Unit\AssetMinificationEdgeCasesTest" classname="Tests.Unit.AssetMinificationEdgeCasesTest" assertions="1" time="0.000476"/>
        <testcase name="`AssetMinification Edge Cases` → it handles non-matching URL" file="tests/Unit/AssetMinificationEdgeCasesTest.php::`AssetMinification Edge Cases` → it handles non-matching URL" class="Tests\Unit\AssetMinificationEdgeCasesTest" classname="Tests.Unit.AssetMinificationEdgeCasesTest" assertions="2" time="0.000503"/>
        <testcase name="`AssetMinification Edge Cases` → it generates cache URL with empty key" file="tests/Unit/AssetMinificationEdgeCasesTest.php::`AssetMinification Edge Cases` → it generates cache URL with empty key" class="Tests\Unit\AssetMinificationEdgeCasesTest" classname="Tests.Unit.AssetMinificationEdgeCasesTest" assertions="2" time="0.000363"/>
        <testcase name="`AssetMinification Edge Cases` → it handles special characters in cache key" file="tests/Unit/AssetMinificationEdgeCasesTest.php::`AssetMinification Edge Cases` → it handles special characters in cache key" class="Tests\Unit\AssetMinificationEdgeCasesTest" classname="Tests.Unit.AssetMinificationEdgeCasesTest" assertions="2" time="0.000349"/>
        <testcase name="`AssetMinification Edge Cases` → it handles missing theme CSS gracefully" file="tests/Unit/AssetMinificationEdgeCasesTest.php::`AssetMinification Edge Cases` → it handles missing theme CSS gracefully" class="Tests\Unit\AssetMinificationEdgeCasesTest" classname="Tests.Unit.AssetMinificationEdgeCasesTest" assertions="1" time="0.000354"/>
        <testcase name="`AssetMinification Edge Cases` → it handles empty theme CSS file" file="tests/Unit/AssetMinificationEdgeCasesTest.php::`AssetMinification Edge Cases` → it handles empty theme CSS file" class="Tests\Unit\AssetMinificationEdgeCasesTest" classname="Tests.Unit.AssetMinificationEdgeCasesTest" assertions="1" time="0.000766"/>
        <testcase name="`AssetMinification Edge Cases` → it handles corrupt theme CSS file" file="tests/Unit/AssetMinificationEdgeCasesTest.php::`AssetMinification Edge Cases` → it handles corrupt theme CSS file" class="Tests\Unit\AssetMinificationEdgeCasesTest" classname="Tests.Unit.AssetMinificationEdgeCasesTest" assertions="1" time="0.000445"/>
        <testcase name="`AssetMinification Edge Cases` → it defers CSS loading with no combined JS" file="tests/Unit/AssetMinificationEdgeCasesTest.php::`AssetMinification Edge Cases` → it defers CSS loading with no combined JS" class="Tests\Unit\AssetMinificationEdgeCasesTest" classname="Tests.Unit.AssetMinificationEdgeCasesTest" assertions="2" time="0.000547"/>
        <testcase name="`AssetMinification Edge Cases` → it handles clearing cache with non-existent directory" file="tests/Unit/AssetMinificationEdgeCasesTest.php::`AssetMinification Edge Cases` → it handles clearing cache with non-existent directory" class="Tests\Unit\AssetMinificationEdgeCasesTest" classname="Tests.Unit.AssetMinificationEdgeCasesTest" assertions="1" time="0.000696"/>
        <testcase name="`AssetMinification Edge Cases` → it handles clearing cache with permission denied" file="tests/Unit/AssetMinificationEdgeCasesTest.php::`AssetMinification Edge Cases` → it handles clearing cache with permission denied" class="Tests\Unit\AssetMinificationEdgeCasesTest" classname="Tests.Unit.AssetMinificationEdgeCasesTest" assertions="1" time="0.000645"/>
        <testcase name="`AssetMinification Edge Cases` → it does not process assets in admin area" file="tests/Unit/AssetMinificationEdgeCasesTest.php::`AssetMinification Edge Cases` → it does not process assets in admin area" class="Tests\Unit\AssetMinificationEdgeCasesTest" classname="Tests.Unit.AssetMinificationEdgeCasesTest" assertions="2" time="0.000602"/>
        <testcase name="`AssetMinification Edge Cases` → it does not process assets during AJAX" file="tests/Unit/AssetMinificationEdgeCasesTest.php::`AssetMinification Edge Cases` → it does not process assets during AJAX" class="Tests\Unit\AssetMinificationEdgeCasesTest" classname="Tests.Unit.AssetMinificationEdgeCasesTest" assertions="2" time="0.000391"/>
        <testcase name="`AssetMinification Edge Cases` → it returns normal priority for unknown asset" file="tests/Unit/AssetMinificationEdgeCasesTest.php::`AssetMinification Edge Cases` → it returns normal priority for unknown asset" class="Tests\Unit\AssetMinificationEdgeCasesTest" classname="Tests.Unit.AssetMinificationEdgeCasesTest" assertions="1" time="0.000350"/>
        <testcase name="`AssetMinification Edge Cases` → it returns normal priority for empty handle" file="tests/Unit/AssetMinificationEdgeCasesTest.php::`AssetMinification Edge Cases` → it returns normal priority for empty handle" class="Tests\Unit\AssetMinificationEdgeCasesTest" classname="Tests.Unit.AssetMinificationEdgeCasesTest" assertions="1" time="0.000358"/>
        <testcase name="`AssetMinification Edge Cases` → it does not consider empty handle as system asset" file="tests/Unit/AssetMinificationEdgeCasesTest.php::`AssetMinification Edge Cases` → it does not consider empty handle as system asset" class="Tests\Unit\AssetMinificationEdgeCasesTest" classname="Tests.Unit.AssetMinificationEdgeCasesTest" assertions="1" time="0.000342"/>
        <testcase name="`AssetMinification Edge Cases` → it does not consider null handle as system asset" file="tests/Unit/AssetMinificationEdgeCasesTest.php::`AssetMinification Edge Cases` → it does not consider null handle as system asset" class="Tests\Unit\AssetMinificationEdgeCasesTest" classname="Tests.Unit.AssetMinificationEdgeCasesTest" assertions="1" time="0.000347"/>
      </testsuite>
      <testsuite name="Tests\Unit\AssetMinificationSmartLogicTest" file="tests/Unit/AssetMinificationSmartLogicTest.php" tests="15" assertions="56" errors="0" failures="0" skipped="0" time="0.020079">
        <testcase name="`AssetMinification Smart Logic` → it excludes system assets" file="tests/Unit/AssetMinificationSmartLogicTest.php::`AssetMinification Smart Logic` → it excludes system assets" class="Tests\Unit\AssetMinificationSmartLogicTest" classname="Tests.Unit.AssetMinificationSmartLogicTest" assertions="9" time="0.014526"/>
        <testcase name="`AssetMinification Smart Logic` → it excludes explicitly excluded assets" file="tests/Unit/AssetMinificationSmartLogicTest.php::`AssetMinification Smart Logic` → it excludes explicitly excluded assets" class="Tests\Unit\AssetMinificationSmartLogicTest" classname="Tests.Unit.AssetMinificationSmartLogicTest" assertions="2" time="0.000404"/>
        <testcase name="`AssetMinification Smart Logic` → it excludes external URLs" file="tests/Unit/AssetMinificationSmartLogicTest.php::`AssetMinification Smart Logic` → it excludes external URLs" class="Tests\Unit\AssetMinificationSmartLogicTest" classname="Tests.Unit.AssetMinificationSmartLogicTest" assertions="3" time="0.000402"/>
        <testcase name="`AssetMinification Smart Logic` → it includes local URLs" file="tests/Unit/AssetMinificationSmartLogicTest.php::`AssetMinification Smart Logic` → it includes local URLs" class="Tests\Unit\AssetMinificationSmartLogicTest" classname="Tests.Unit.AssetMinificationSmartLogicTest" assertions="3" time="0.000368"/>
        <testcase name="`AssetMinification Smart Logic` → it excludes small files" file="tests/Unit/AssetMinificationSmartLogicTest.php::`AssetMinification Smart Logic` → it excludes small files" class="Tests\Unit\AssetMinificationSmartLogicTest" classname="Tests.Unit.AssetMinificationSmartLogicTest" assertions="1" time="0.000412"/>
        <testcase name="`AssetMinification Smart Logic` → it includes large files" file="tests/Unit/AssetMinificationSmartLogicTest.php::`AssetMinification Smart Logic` → it includes large files" class="Tests\Unit\AssetMinificationSmartLogicTest" classname="Tests.Unit.AssetMinificationSmartLogicTest" assertions="1" time="0.000463"/>
        <testcase name="`AssetMinification Smart Logic` → it excludes nonexistent files" file="tests/Unit/AssetMinificationSmartLogicTest.php::`AssetMinification Smart Logic` → it excludes nonexistent files" class="Tests\Unit\AssetMinificationSmartLogicTest" classname="Tests.Unit.AssetMinificationSmartLogicTest" assertions="1" time="0.000462"/>
        <testcase name="`AssetMinification Smart Logic` → it includes valid files" file="tests/Unit/AssetMinificationSmartLogicTest.php::`AssetMinification Smart Logic` → it includes valid files" class="Tests\Unit\AssetMinificationSmartLogicTest" classname="Tests.Unit.AssetMinificationSmartLogicTest" assertions="1" time="0.000381"/>
        <testcase name="`AssetMinification Smart Logic` → it detects minified CSS" file="tests/Unit/AssetMinificationSmartLogicTest.php::`AssetMinification Smart Logic` → it detects minified CSS" class="Tests\Unit\AssetMinificationSmartLogicTest" classname="Tests.Unit.AssetMinificationSmartLogicTest" assertions="2" time="0.000345"/>
        <testcase name="`AssetMinification Smart Logic` → it detects minified JS" file="tests/Unit/AssetMinificationSmartLogicTest.php::`AssetMinification Smart Logic` → it detects minified JS" class="Tests\Unit\AssetMinificationSmartLogicTest" classname="Tests.Unit.AssetMinificationSmartLogicTest" assertions="2" time="0.000352"/>
        <testcase name="`AssetMinification Smart Logic` → it handles minification edge cases" file="tests/Unit/AssetMinificationSmartLogicTest.php::`AssetMinification Smart Logic` → it handles minification edge cases" class="Tests\Unit\AssetMinificationSmartLogicTest" classname="Tests.Unit.AssetMinificationSmartLogicTest" assertions="3" time="0.000365"/>
        <testcase name="`AssetMinification Smart Logic` → it recognizes system assets" file="tests/Unit/AssetMinificationSmartLogicTest.php::`AssetMinification Smart Logic` → it recognizes system assets" class="Tests\Unit\AssetMinificationSmartLogicTest" classname="Tests.Unit.AssetMinificationSmartLogicTest" assertions="12" time="0.000422"/>
        <testcase name="`AssetMinification Smart Logic` → it returns correct asset priorities" file="tests/Unit/AssetMinificationSmartLogicTest.php::`AssetMinification Smart Logic` → it returns correct asset priorities" class="Tests\Unit\AssetMinificationSmartLogicTest" classname="Tests.Unit.AssetMinificationSmartLogicTest" assertions="14" time="0.000474"/>
        <testcase name="`AssetMinification Smart Logic` → it converts URL to path" file="tests/Unit/AssetMinificationSmartLogicTest.php::`AssetMinification Smart Logic` → it converts URL to path" class="Tests\Unit\AssetMinificationSmartLogicTest" classname="Tests.Unit.AssetMinificationSmartLogicTest" assertions="1" time="0.000357"/>
        <testcase name="`AssetMinification Smart Logic` → it generates cache URL" file="tests/Unit/AssetMinificationSmartLogicTest.php::`AssetMinification Smart Logic` → it generates cache URL" class="Tests\Unit\AssetMinificationSmartLogicTest" classname="Tests.Unit.AssetMinificationSmartLogicTest" assertions="1" time="0.000346"/>
      </testsuite>
      <testsuite name="Tests\Unit\AssetMinificationTest" file="tests/Unit/AssetMinificationTest.php" tests="2" assertions="2" errors="0" failures="0" skipped="0" time="0.012931">
        <testcase name="`AssetMinification` → it creates cache files for CSS assets" file="tests/Unit/AssetMinificationTest.php::`AssetMinification` → it creates cache files for CSS assets" class="Tests\Unit\AssetMinificationTest" classname="Tests.Unit.AssetMinificationTest" assertions="1" time="0.011997"/>
        <testcase name="`AssetMinification` → it creates cache files for JS assets" file="tests/Unit/AssetMinificationTest.php::`AssetMinification` → it creates cache files for JS assets" class="Tests\Unit\AssetMinificationTest" classname="Tests.Unit.AssetMinificationTest" assertions="1" time="0.000934"/>
      </testsuite>
      <testsuite name="Tests\Unit\ExampleTest" file="tests/Unit/ExampleTest.php" tests="1" assertions="1" errors="0" failures="0" skipped="0" time="0.003388">
        <testcase name="example" file="tests/Unit/ExampleTest.php::example" class="Tests\Unit\ExampleTest" classname="Tests.Unit.ExampleTest" assertions="1" time="0.003388"/>
      </testsuite>
      <testsuite name="Tests\Unit\FactoriesTest" file="tests/Unit/FactoriesTest.php" tests="5" assertions="19" errors="0" failures="0" skipped="0" time="0.009500">
        <testcase name="`Factories` → it creates posts with PostFactory" file="tests/Unit/FactoriesTest.php::`Factories` → it creates posts with PostFactory" class="Tests\Unit\FactoriesTest" classname="Tests.Unit.FactoriesTest" assertions="2" time="0.006679"/>
        <testcase name="`Factories` → it creates multiple posts" file="tests/Unit/FactoriesTest.php::`Factories` → it creates multiple posts" class="Tests\Unit\FactoriesTest" classname="Tests.Unit.FactoriesTest" assertions="8" time="0.001287"/>
        <testcase name="`Factories` → it creates assets with AssetFactory" file="tests/Unit/FactoriesTest.php::`Factories` → it creates assets with AssetFactory" class="Tests\Unit\FactoriesTest" classname="Tests.Unit.FactoriesTest" assertions="3" time="0.000788"/>
        <testcase name="`Factories` → it creates CSS assets" file="tests/Unit/FactoriesTest.php::`Factories` → it creates CSS assets" class="Tests\Unit\FactoriesTest" classname="Tests.Unit.FactoriesTest" assertions="3" time="0.000376"/>
        <testcase name="`Factories` → it creates JS assets" file="tests/Unit/FactoriesTest.php::`Factories` → it creates JS assets" class="Tests\Unit\FactoriesTest" classname="Tests.Unit.FactoriesTest" assertions="3" time="0.000370"/>
      </testsuite>
      <testsuite name="Tests\Unit\ImageOptimizationServiceTest" file="tests/Unit/ImageOptimizationServiceTest.php" tests="11" assertions="0" errors="11" failures="0" skipped="0" time="0.000000">
        <testcase name="`ImageOptimizationService Unit Tests` → it generates blur placeholder for valid image" file="tests/Unit/ImageOptimizationServiceTest.php::`ImageOptimizationService Unit Tests` → it generates blur placeholder for valid image" class="Tests\Unit\ImageOptimizationServiceTest" classname="Tests.Unit.ImageOptimizationServiceTest" assertions="0" time="0.000000">
          <error type="ReflectionException">`ImageOptimizationService Unit Tests` → it generates blur placeholder for valid imageReflectionException: Function wp_die() does not exist
at vendor/antecedent/patchwork/src/CallRerouting.php:423
at vendor/antecedent/patchwork/Patchwork.php:131
at vendor/brain/monkey/inc/patchwork-loader.php:20
at vendor/brain/monkey/inc/api.php:27
at tests/Unit/ImageOptimizationServiceTest.php:12</error>
        </testcase>
        <testcase name="`ImageOptimizationService Unit Tests` → it returns empty string for non-existent image" file="tests/Unit/ImageOptimizationServiceTest.php::`ImageOptimizationService Unit Tests` → it returns empty string for non-existent image" class="Tests\Unit\ImageOptimizationServiceTest" classname="Tests.Unit.ImageOptimizationServiceTest" assertions="0" time="0.000000">
          <error type="Error">`ImageOptimizationService Unit Tests` → it returns empty string for non-existent imageError: Class "ImageOptimizationService" not found
at tests/Unit/ImageOptimizationServiceTest.php:13</error>
        </testcase>
        <testcase name="`ImageOptimizationService Unit Tests` → it handles invalid image files" file="tests/Unit/ImageOptimizationServiceTest.php::`ImageOptimizationService Unit Tests` → it handles invalid image files" class="Tests\Unit\ImageOptimizationServiceTest" classname="Tests.Unit.ImageOptimizationServiceTest" assertions="0" time="0.000000">
          <error type="Error">`ImageOptimizationService Unit Tests` → it handles invalid image filesError: Class "ImageOptimizationService" not found
at tests/Unit/ImageOptimizationServiceTest.php:13</error>
        </testcase>
        <testcase name="`ImageOptimizationService Unit Tests` → it respects blur intensity parameter" file="tests/Unit/ImageOptimizationServiceTest.php::`ImageOptimizationService Unit Tests` → it respects blur intensity parameter" class="Tests\Unit\ImageOptimizationServiceTest" classname="Tests.Unit.ImageOptimizationServiceTest" assertions="0" time="0.000000">
          <error type="Error">`ImageOptimizationService Unit Tests` → it respects blur intensity parameterError: Class "ImageOptimizationService" not found
at tests/Unit/ImageOptimizationServiceTest.php:13</error>
        </testcase>
        <testcase name="`ImageOptimizationService Unit Tests` → it generates correct thumbnail size" file="tests/Unit/ImageOptimizationServiceTest.php::`ImageOptimizationService Unit Tests` → it generates correct thumbnail size" class="Tests\Unit\ImageOptimizationServiceTest" classname="Tests.Unit.ImageOptimizationServiceTest" assertions="0" time="0.000000">
          <error type="Error">`ImageOptimizationService Unit Tests` → it generates correct thumbnail sizeError: Class "ImageOptimizationService" not found
at tests/Unit/ImageOptimizationServiceTest.php:13</error>
        </testcase>
        <testcase name="`ImageOptimizationService Unit Tests` → it optimizes image quality" file="tests/Unit/ImageOptimizationServiceTest.php::`ImageOptimizationService Unit Tests` → it optimizes image quality" class="Tests\Unit\ImageOptimizationServiceTest" classname="Tests.Unit.ImageOptimizationServiceTest" assertions="0" time="0.000000">
          <error type="Error">`ImageOptimizationService Unit Tests` → it optimizes image qualityError: Class "ImageOptimizationService" not found
at tests/Unit/ImageOptimizationServiceTest.php:13</error>
        </testcase>
        <testcase name="`ImageOptimizationService Unit Tests` → it handles different image formats" file="tests/Unit/ImageOptimizationServiceTest.php::`ImageOptimizationService Unit Tests` → it handles different image formats" class="Tests\Unit\ImageOptimizationServiceTest" classname="Tests.Unit.ImageOptimizationServiceTest" assertions="0" time="0.000000">
          <error type="Error">`ImageOptimizationService Unit Tests` → it handles different image formatsError: Class "ImageOptimizationService" not found
at tests/Unit/ImageOptimizationServiceTest.php:13</error>
        </testcase>
        <testcase name="`ImageOptimizationService Unit Tests` → it handles images with alpha channel" file="tests/Unit/ImageOptimizationServiceTest.php::`ImageOptimizationService Unit Tests` → it handles images with alpha channel" class="Tests\Unit\ImageOptimizationServiceTest" classname="Tests.Unit.ImageOptimizationServiceTest" assertions="0" time="0.000000">
          <error type="Error">`ImageOptimizationService Unit Tests` → it handles images with alpha channelError: Class "ImageOptimizationService" not found
at tests/Unit/ImageOptimizationServiceTest.php:13</error>
        </testcase>
        <testcase name="`ImageOptimizationService Unit Tests` → it validates input parameters" file="tests/Unit/ImageOptimizationServiceTest.php::`ImageOptimizationService Unit Tests` → it validates input parameters" class="Tests\Unit\ImageOptimizationServiceTest" classname="Tests.Unit.ImageOptimizationServiceTest" assertions="0" time="0.000000">
          <error type="Error">`ImageOptimizationService Unit Tests` → it validates input parametersError: Class "ImageOptimizationService" not found
at tests/Unit/ImageOptimizationServiceTest.php:13</error>
        </testcase>
        <testcase name="`ImageOptimizationService Unit Tests` → it handles file permission errors" file="tests/Unit/ImageOptimizationServiceTest.php::`ImageOptimizationService Unit Tests` → it handles file permission errors" class="Tests\Unit\ImageOptimizationServiceTest" classname="Tests.Unit.ImageOptimizationServiceTest" assertions="0" time="0.000000">
          <error type="Error">`ImageOptimizationService Unit Tests` → it handles file permission errorsError: Class "ImageOptimizationService" not found
at tests/Unit/ImageOptimizationServiceTest.php:13</error>
        </testcase>
        <testcase name="`ImageOptimizationService Unit Tests` → it optimizes image dimensions proportionally" file="tests/Unit/ImageOptimizationServiceTest.php::`ImageOptimizationService Unit Tests` → it optimizes image dimensions proportionally" class="Tests\Unit\ImageOptimizationServiceTest" classname="Tests.Unit.ImageOptimizationServiceTest" assertions="0" time="0.000000">
          <error type="Error">`ImageOptimizationService Unit Tests` → it optimizes image dimensions proportionallyError: Class "ImageOptimizationService" not found
at tests/Unit/ImageOptimizationServiceTest.php:13</error>
        </testcase>
      </testsuite>
      <testsuite name="Tests\Unit\LazyLoadingTest" file="tests/Unit/LazyLoadingTest.php" tests="11" assertions="0" errors="11" failures="0" skipped="0" time="0.077202">
        <testcase name="`LazyLoading Unit Tests` → it initializes and registers hooks" file="tests/Unit/LazyLoadingTest.php::`LazyLoading Unit Tests` → it initializes and registers hooks" class="Tests\Unit\LazyLoadingTest" classname="Tests.Unit.LazyLoadingTest" assertions="0" time="0.017980">
          <error type="Patchwork\Exceptions\DefinedTooEarly">`LazyLoading Unit Tests` → it initializes and registers hooksPatchwork\Exceptions\DefinedTooEarly: The file that defines add_action() was included earlier than Patchwork. Please reverse this order to be able to redefine the function in question.
at vendor/antecedent/patchwork/src/CallRerouting.php:167
at vendor/antecedent/patchwork/src/CallRerouting.php:81
at vendor/antecedent/patchwork/Patchwork.php:25
at vendor/brain/monkey/src/Expectation/FunctionStub.php:103
at tests/Unit/LazyLoadingTest.php:39</error>
        </testcase>
        <testcase name="`LazyLoading Unit Tests` → it applies lazy loading to HTML content" file="tests/Unit/LazyLoadingTest.php::`LazyLoading Unit Tests` → it applies lazy loading to HTML content" class="Tests\Unit\LazyLoadingTest" classname="Tests.Unit.LazyLoadingTest" assertions="0" time="0.007811">
          <error type="Error">`LazyLoading Unit Tests` → it applies lazy loading to HTML contentError: Call to undefined method LazyLoading::applyLazyLoading()
at tests/Unit/LazyLoadingTest.php:53</error>
        </testcase>
        <testcase name="`LazyLoading Unit Tests` → it handles iframe elements" file="tests/Unit/LazyLoadingTest.php::`LazyLoading Unit Tests` → it handles iframe elements" class="Tests\Unit\LazyLoadingTest" classname="Tests.Unit.LazyLoadingTest" assertions="0" time="0.005777">
          <error type="Error">`LazyLoading Unit Tests` → it handles iframe elementsError: Call to undefined method LazyLoading::applyLazyLoading()
at tests/Unit/LazyLoadingTest.php:66</error>
        </testcase>
        <testcase name="`LazyLoading Unit Tests` → it handles video elements" file="tests/Unit/LazyLoadingTest.php::`LazyLoading Unit Tests` → it handles video elements" class="Tests\Unit\LazyLoadingTest" classname="Tests.Unit.LazyLoadingTest" assertions="0" time="0.005571">
          <error type="Error">`LazyLoading Unit Tests` → it handles video elementsError: Call to undefined method LazyLoading::applyLazyLoading()
at tests/Unit/LazyLoadingTest.php:77</error>
        </testcase>
        <testcase name="`LazyLoading Unit Tests` → it respects lazy_types configuration" file="tests/Unit/LazyLoadingTest.php::`LazyLoading Unit Tests` → it respects lazy_types configuration" class="Tests\Unit\LazyLoadingTest" classname="Tests.Unit.LazyLoadingTest" assertions="0" time="0.006087">
          <error type="Error">`LazyLoading Unit Tests` → it respects lazy_types configurationError: Call to undefined method LazyLoading::applyLazyLoading()
at tests/Unit/LazyLoadingTest.php:103</error>
        </testcase>
        <testcase name="`LazyLoading Unit Tests` → it generates correct blur placeholder attributes" file="tests/Unit/LazyLoadingTest.php::`LazyLoading Unit Tests` → it generates correct blur placeholder attributes" class="Tests\Unit\LazyLoadingTest" classname="Tests.Unit.LazyLoadingTest" assertions="0" time="0.005498">
          <error type="Error">`LazyLoading Unit Tests` → it generates correct blur placeholder attributesError: Call to undefined method LazyLoading::applyLazyLoading()
at tests/Unit/LazyLoadingTest.php:120</error>
        </testcase>
        <testcase name="`LazyLoading Unit Tests` → it handles images without src attribute" file="tests/Unit/LazyLoadingTest.php::`LazyLoading Unit Tests` → it handles images without src attribute" class="Tests\Unit\LazyLoadingTest" classname="Tests.Unit.LazyLoadingTest" assertions="0" time="0.005705">
          <error type="Error">`LazyLoading Unit Tests` → it handles images without src attributeError: Call to undefined method LazyLoading::applyLazyLoading()
at tests/Unit/LazyLoadingTest.php:130</error>
        </testcase>
        <testcase name="`LazyLoading Unit Tests` → it preserves existing attributes" file="tests/Unit/LazyLoadingTest.php::`LazyLoading Unit Tests` → it preserves existing attributes" class="Tests\Unit\LazyLoadingTest" classname="Tests.Unit.LazyLoadingTest" assertions="0" time="0.005545">
          <error type="Error">`LazyLoading Unit Tests` → it preserves existing attributesError: Call to undefined method LazyLoading::applyLazyLoading()
at tests/Unit/LazyLoadingTest.php:142</error>
        </testcase>
        <testcase name="`LazyLoading Unit Tests` → it handles malformed HTML gracefully" file="tests/Unit/LazyLoadingTest.php::`LazyLoading Unit Tests` → it handles malformed HTML gracefully" class="Tests\Unit\LazyLoadingTest" classname="Tests.Unit.LazyLoadingTest" assertions="0" time="0.005801">
          <error type="Error">`LazyLoading Unit Tests` → it handles malformed HTML gracefullyError: Call to undefined method LazyLoading::applyLazyLoading()
at tests/Unit/LazyLoadingTest.php:157</error>
        </testcase>
        <testcase name="`LazyLoading Unit Tests` → it does not process content when disabled" file="tests/Unit/LazyLoadingTest.php::`LazyLoading Unit Tests` → it does not process content when disabled" class="Tests\Unit\LazyLoadingTest" classname="Tests.Unit.LazyLoadingTest" assertions="0" time="0.005663">
          <error type="Error">`LazyLoading Unit Tests` → it does not process content when disabledError: Call to undefined method LazyLoading::applyLazyLoading()
at tests/Unit/LazyLoadingTest.php:174</error>
        </testcase>
        <testcase name="`LazyLoading Unit Tests` → it handles DOM parsing errors" file="tests/Unit/LazyLoadingTest.php::`LazyLoading Unit Tests` → it handles DOM parsing errors" class="Tests\Unit\LazyLoadingTest" classname="Tests.Unit.LazyLoadingTest" assertions="0" time="0.005763">
          <error type="Error">`LazyLoading Unit Tests` → it handles DOM parsing errorsError: Call to undefined method LazyLoading::applyLazyLoading()
at tests/Unit/LazyLoadingTest.php:186</error>
        </testcase>
      </testsuite>
      <testsuite name="Tests\Unit\MediaCleanupServiceTest" file="tests/Unit/MediaCleanupServiceTest.php" tests="2" assertions="8" errors="0" failures="0" skipped="0" time="0.027100">
        <testcase name="`MediaCleanupService` → it returns registered sizes" file="tests/Unit/MediaCleanupServiceTest.php::`MediaCleanupService` → it returns registered sizes" class="Tests\Unit\MediaCleanupServiceTest" classname="Tests.Unit.MediaCleanupServiceTest" assertions="4" time="0.026632"/>
        <testcase name="`MediaCleanupService` → it checks if file should be deleted" file="tests/Unit/MediaCleanupServiceTest.php::`MediaCleanupService` → it checks if file should be deleted" class="Tests\Unit\MediaCleanupServiceTest" classname="Tests.Unit.MediaCleanupServiceTest" assertions="4" time="0.000468"/>
      </testsuite>
      <testsuite name="Tests\Unit\ModuleSystemTest" file="tests/Unit/ModuleSystemTest.php" tests="5" assertions="10" errors="0" failures="0" skipped="0" time="0.009291">
        <testcase name="`Module System` → it has ModuleInterface" file="tests/Unit/ModuleSystemTest.php::`Module System` → it has ModuleInterface" class="Tests\Unit\ModuleSystemTest" classname="Tests.Unit.ModuleSystemTest" assertions="1" time="0.003133"/>
        <testcase name="`Module System` → it has traits" file="tests/Unit/ModuleSystemTest.php::`Module System` → it has traits" class="Tests\Unit\ModuleSystemTest" classname="Tests.Unit.ModuleSystemTest" assertions="3" time="0.001971"/>
        <testcase name="`Module System` → it AjaxTrait has methods" file="tests/Unit/ModuleSystemTest.php::`Module System` → it AjaxTrait has methods" class="Tests\Unit\ModuleSystemTest" classname="Tests.Unit.ModuleSystemTest" assertions="1" time="0.000808"/>
        <testcase name="`Module System` → it WidgetTrait has methods" file="tests/Unit/ModuleSystemTest.php::`Module System` → it WidgetTrait has methods" class="Tests\Unit\ModuleSystemTest" classname="Tests.Unit.ModuleSystemTest" assertions="1" time="0.000465"/>
        <testcase name="`Module System` → it Redirects module works" file="tests/Unit/ModuleSystemTest.php::`Module System` → it Redirects module works" class="Tests\Unit\ModuleSystemTest" classname="Tests.Unit.ModuleSystemTest" assertions="4" time="0.002914"/>
      </testsuite>
      <testsuite name="Tests\Unit\Services\AssetOptimizationServiceTest" file="tests/Unit/Services/AssetOptimizationServiceTest.php" tests="15" assertions="34" errors="0" failures="0" skipped="0" time="0.016895">
        <testcase name="`AssetOptimizationService` → it minifies CSS" file="tests/Unit/Services/AssetOptimizationServiceTest.php::`AssetOptimizationService` → it minifies CSS" class="Tests\Unit\Services\AssetOptimizationServiceTest" classname="Tests.Unit.Services.AssetOptimizationServiceTest" assertions="6" time="0.010059"/>
        <testcase name="`AssetOptimizationService` → it handles already minified CSS" file="tests/Unit/Services/AssetOptimizationServiceTest.php::`AssetOptimizationService` → it handles already minified CSS" class="Tests\Unit\Services\AssetOptimizationServiceTest" classname="Tests.Unit.Services.AssetOptimizationServiceTest" assertions="2" time="0.000563"/>
        <testcase name="`AssetOptimizationService` → it minifies JS" file="tests/Unit/Services/AssetOptimizationServiceTest.php::`AssetOptimizationService` → it minifies JS" class="Tests\Unit\Services\AssetOptimizationServiceTest" classname="Tests.Unit.Services.AssetOptimizationServiceTest" assertions="5" time="0.000482"/>
        <testcase name="`AssetOptimizationService` → it combines CSS files" file="tests/Unit/Services/AssetOptimizationServiceTest.php::`AssetOptimizationService` → it combines CSS files" class="Tests\Unit\Services\AssetOptimizationServiceTest" classname="Tests.Unit.Services.AssetOptimizationServiceTest" assertions="2" time="0.000442"/>
        <testcase name="`AssetOptimizationService` → it combines JS files" file="tests/Unit/Services/AssetOptimizationServiceTest.php::`AssetOptimizationService` → it combines JS files" class="Tests\Unit\Services\AssetOptimizationServiceTest" classname="Tests.Unit.Services.AssetOptimizationServiceTest" assertions="2" time="0.000586"/>
        <testcase name="`AssetOptimizationService` → it generates consistent versions" file="tests/Unit/Services/AssetOptimizationServiceTest.php::`AssetOptimizationService` → it generates consistent versions" class="Tests\Unit\Services\AssetOptimizationServiceTest" classname="Tests.Unit.Services.AssetOptimizationServiceTest" assertions="4" time="0.001193"/>
        <testcase name="`AssetOptimizationService` → it saves content to cache" file="tests/Unit/Services/AssetOptimizationServiceTest.php::`AssetOptimizationService` → it saves content to cache" class="Tests\Unit\Services\AssetOptimizationServiceTest" classname="Tests.Unit.Services.AssetOptimizationServiceTest" assertions="2" time="0.000515"/>
        <testcase name="`AssetOptimizationService` → it retrieves content from cache" file="tests/Unit/Services/AssetOptimizationServiceTest.php::`AssetOptimizationService` → it retrieves content from cache" class="Tests\Unit\Services\AssetOptimizationServiceTest" classname="Tests.Unit.Services.AssetOptimizationServiceTest" assertions="1" time="0.000439"/>
        <testcase name="`AssetOptimizationService` → it returns null for nonexistent cache key" file="tests/Unit/Services/AssetOptimizationServiceTest.php::`AssetOptimizationService` → it returns null for nonexistent cache key" class="Tests\Unit\Services\AssetOptimizationServiceTest" classname="Tests.Unit.Services.AssetOptimizationServiceTest" assertions="1" time="0.000311"/>
        <testcase name="`AssetOptimizationService` → it extracts critical CSS" file="tests/Unit/Services/AssetOptimizationServiceTest.php::`AssetOptimizationService` → it extracts critical CSS" class="Tests\Unit\Services\AssetOptimizationServiceTest" classname="Tests.Unit.Services.AssetOptimizationServiceTest" assertions="3" time="0.000426"/>
        <testcase name="`AssetOptimizationService` → it handles empty CSS minification" file="tests/Unit/Services/AssetOptimizationServiceTest.php::`AssetOptimizationService` → it handles empty CSS minification" class="Tests\Unit\Services\AssetOptimizationServiceTest" classname="Tests.Unit.Services.AssetOptimizationServiceTest" assertions="1" time="0.000392"/>
        <testcase name="`AssetOptimizationService` → it handles empty JS minification" file="tests/Unit/Services/AssetOptimizationServiceTest.php::`AssetOptimizationService` → it handles empty JS minification" class="Tests\Unit\Services\AssetOptimizationServiceTest" classname="Tests.Unit.Services.AssetOptimizationServiceTest" assertions="1" time="0.000394"/>
        <testcase name="`AssetOptimizationService` → it handles empty CSS combination" file="tests/Unit/Services/AssetOptimizationServiceTest.php::`AssetOptimizationService` → it handles empty CSS combination" class="Tests\Unit\Services\AssetOptimizationServiceTest" classname="Tests.Unit.Services.AssetOptimizationServiceTest" assertions="1" time="0.000383"/>
        <testcase name="`AssetOptimizationService` → it handles empty JS combination" file="tests/Unit/Services/AssetOptimizationServiceTest.php::`AssetOptimizationService` → it handles empty JS combination" class="Tests\Unit\Services\AssetOptimizationServiceTest" classname="Tests.Unit.Services.AssetOptimizationServiceTest" assertions="1" time="0.000345"/>
        <testcase name="`AssetOptimizationService` → it generates version for empty content" file="tests/Unit/Services/AssetOptimizationServiceTest.php::`AssetOptimizationService` → it generates version for empty content" class="Tests\Unit\Services\AssetOptimizationServiceTest" classname="Tests.Unit.Services.AssetOptimizationServiceTest" assertions="2" time="0.000365"/>
      </testsuite>
      <testsuite name="Tests\Unit\Services\SimpleAssetOptimizationServiceTest" file="tests/Unit/Services/SimpleAssetOptimizationServiceTest.php" tests="11" assertions="27" errors="0" failures="0" skipped="0" time="0.011164">
        <testcase name="`SimpleAssetOptimizationService` → it minifies basic CSS" file="tests/Unit/Services/SimpleAssetOptimizationServiceTest.php::`SimpleAssetOptimizationService` → it minifies basic CSS" class="Tests\Unit\Services\SimpleAssetOptimizationServiceTest" classname="Tests.Unit.Services.SimpleAssetOptimizationServiceTest" assertions="3" time="0.006942"/>
        <testcase name="`SimpleAssetOptimizationService` → it removes comments from CSS" file="tests/Unit/Services/SimpleAssetOptimizationServiceTest.php::`SimpleAssetOptimizationService` → it removes comments from CSS" class="Tests\Unit\Services\SimpleAssetOptimizationServiceTest" classname="Tests.Unit.Services.SimpleAssetOptimizationServiceTest" assertions="3" time="0.000503"/>
        <testcase name="`SimpleAssetOptimizationService` → it minifies basic JS" file="tests/Unit/Services/SimpleAssetOptimizationServiceTest.php::`SimpleAssetOptimizationService` → it minifies basic JS" class="Tests\Unit\Services\SimpleAssetOptimizationServiceTest" classname="Tests.Unit.Services.SimpleAssetOptimizationServiceTest" assertions="3" time="0.000346"/>
        <testcase name="`SimpleAssetOptimizationService` → it removes comments from JS" file="tests/Unit/Services/SimpleAssetOptimizationServiceTest.php::`SimpleAssetOptimizationService` → it removes comments from JS" class="Tests\Unit\Services\SimpleAssetOptimizationServiceTest" classname="Tests.Unit.Services.SimpleAssetOptimizationServiceTest" assertions="4" time="0.000341"/>
        <testcase name="`SimpleAssetOptimizationService` → it generates version" file="tests/Unit/Services/SimpleAssetOptimizationServiceTest.php::`SimpleAssetOptimizationService` → it generates version" class="Tests\Unit\Services\SimpleAssetOptimizationServiceTest" classname="Tests.Unit.Services.SimpleAssetOptimizationServiceTest" assertions="3" time="0.000410"/>
        <testcase name="`SimpleAssetOptimizationService` → it generates same version for same content" file="tests/Unit/Services/SimpleAssetOptimizationServiceTest.php::`SimpleAssetOptimizationService` → it generates same version for same content" class="Tests\Unit\Services\SimpleAssetOptimizationServiceTest" classname="Tests.Unit.Services.SimpleAssetOptimizationServiceTest" assertions="1" time="0.000373"/>
        <testcase name="`SimpleAssetOptimizationService` → it saves and gets from cache" file="tests/Unit/Services/SimpleAssetOptimizationServiceTest.php::`SimpleAssetOptimizationService` → it saves and gets from cache" class="Tests\Unit\Services\SimpleAssetOptimizationServiceTest" classname="Tests.Unit.Services.SimpleAssetOptimizationServiceTest" assertions="1" time="0.000499"/>
        <testcase name="`SimpleAssetOptimizationService` → it returns null for nonexistent cache key" file="tests/Unit/Services/SimpleAssetOptimizationServiceTest.php::`SimpleAssetOptimizationService` → it returns null for nonexistent cache key" class="Tests\Unit\Services\SimpleAssetOptimizationServiceTest" classname="Tests.Unit.Services.SimpleAssetOptimizationServiceTest" assertions="1" time="0.000303"/>
        <testcase name="`SimpleAssetOptimizationService` → it extracts critical CSS" file="tests/Unit/Services/SimpleAssetOptimizationServiceTest.php::`SimpleAssetOptimizationService` → it extracts critical CSS" class="Tests\Unit\Services\SimpleAssetOptimizationServiceTest" classname="Tests.Unit.Services.SimpleAssetOptimizationServiceTest" assertions="4" time="0.000394"/>
        <testcase name="`SimpleAssetOptimizationService` → it combines CSS files" file="tests/Unit/Services/SimpleAssetOptimizationServiceTest.php::`SimpleAssetOptimizationService` → it combines CSS files" class="Tests\Unit\Services\SimpleAssetOptimizationServiceTest" classname="Tests.Unit.Services.SimpleAssetOptimizationServiceTest" assertions="2" time="0.000533"/>
        <testcase name="`SimpleAssetOptimizationService` → it combines JS files" file="tests/Unit/Services/SimpleAssetOptimizationServiceTest.php::`SimpleAssetOptimizationService` → it combines JS files" class="Tests\Unit\Services\SimpleAssetOptimizationServiceTest" classname="Tests.Unit.Services.SimpleAssetOptimizationServiceTest" assertions="2" time="0.000520"/>
      </testsuite>
    </testsuite>
    <testsuite name="feature" tests="6" assertions="8" errors="0" failures="0" skipped="3" time="0.013575">
      <testsuite name="Tests\Feature\AssetMinificationIntegrationTest" file="tests/Feature/AssetMinificationIntegrationTest.php" tests="1" assertions="0" errors="0" failures="0" skipped="1" time="0.006767">
        <testcase name="`AssetMinification Integration` → skipped - requires WordPress environment" file="tests/Feature/AssetMinificationIntegrationTest.php::`AssetMinification Integration` → skipped - requires WordPress environment" class="Tests\Feature\AssetMinificationIntegrationTest" classname="Tests.Feature.AssetMinificationIntegrationTest" assertions="0" time="0.006767">
          <skipped/>
        </testcase>
      </testsuite>
      <testsuite name="Tests\Feature\AssetMinificationRealWorldTest" file="tests/Feature/AssetMinificationRealWorldTest.php" tests="1" assertions="0" errors="0" failures="0" skipped="1" time="0.002947">
        <testcase name="`AssetMinification Real World Integration` → skipped - requires WordPress environment" file="tests/Feature/AssetMinificationRealWorldTest.php::`AssetMinification Real World Integration` → skipped - requires WordPress environment" class="Tests\Feature\AssetMinificationRealWorldTest" classname="Tests.Feature.AssetMinificationRealWorldTest" assertions="0" time="0.002947">
          <skipped/>
        </testcase>
      </testsuite>
      <testsuite name="Tests\Feature\ExampleTest" file="tests/Feature/ExampleTest.php" tests="1" assertions="1" errors="0" failures="0" skipped="0" time="0.001101">
        <testcase name="example" file="tests/Feature/ExampleTest.php::example" class="Tests\Feature\ExampleTest" classname="Tests.Feature.ExampleTest" assertions="1" time="0.001101"/>
      </testsuite>
      <testsuite name="Tests\Feature\LazyLoadingIntegrationTest" file="tests/Feature/LazyLoadingIntegrationTest.php" tests="1" assertions="0" errors="0" failures="0" skipped="1" time="0.000974">
        <testcase name="`LazyLoading Integration` → skipped - requires WordPress environment" file="tests/Feature/LazyLoadingIntegrationTest.php::`LazyLoading Integration` → skipped - requires WordPress environment" class="Tests\Feature\LazyLoadingIntegrationTest" classname="Tests.Feature.LazyLoadingIntegrationTest" assertions="0" time="0.000974">
          <skipped/>
        </testcase>
      </testsuite>
      <testsuite name="Tests\Feature\SmokeTest" file="tests/Feature/SmokeTest.php" tests="2" assertions="7" errors="0" failures="0" skipped="0" time="0.001786">
        <testcase name="`Smoke Test` → it tests plugin initialization" file="tests/Feature/SmokeTest.php::`Smoke Test` → it tests plugin initialization" class="Tests\Feature\SmokeTest" classname="Tests.Feature.SmokeTest" assertions="5" time="0.001473"/>
        <testcase name="`Smoke Test` → it tests services instantiation" file="tests/Feature/SmokeTest.php::`Smoke Test` → it tests services instantiation" class="Tests\Feature\SmokeTest" classname="Tests.Feature.SmokeTest" assertions="2" time="0.000313"/>
      </testsuite>
    </testsuite>
  </testsuite>
</testsuites>
