<?xml version="1.0" encoding="UTF-8"?>
<testsuites>
  <testsuite name="Tests\Unit\LazyLoadingTest" file="tests/Unit/LazyLoadingTest.php" tests="8" assertions="23" errors="0" failures="0" skipped="0" time="0.012772">
    <testcase name="`LazyLoading Unit Tests` → it initializes and registers hooks when enabled" file="tests/Unit/LazyLoadingTest.php::`LazyLoading Unit Tests` → it initializes and registers hooks when enabled" class="Tests\Unit\LazyLoadingTest" classname="Tests.Unit.LazyLoadingTest" assertions="1" time="0.009067"/>
    <testcase name="`LazyLoading Unit Tests` → it does not initialize when disabled" file="tests/Unit/LazyLoadingTest.php::`LazyLoading Unit Tests` → it does not initialize when disabled" class="Tests\Unit\LazyLoadingTest" classname="Tests.Unit.LazyLoadingTest" assertions="1" time="0.000486"/>
    <testcase name="`LazyLoading Unit Tests` → it applies lazy loading to HTML content with images" file="tests/Unit/LazyLoadingTest.php::`LazyLoading Unit Tests` → it applies lazy loading to HTML content with images" class="Tests\Unit\LazyLoadingTest" classname="Tests.Unit.LazyLoadingTest" assertions="4" time="0.000688"/>
    <testcase name="`LazyLoading Unit Tests` → it skips SVG images" file="tests/Unit/LazyLoadingTest.php::`LazyLoading Unit Tests` → it skips SVG images" class="Tests\Unit\LazyLoadingTest" classname="Tests.Unit.LazyLoadingTest" assertions="2" time="0.001106"/>
    <testcase name="`LazyLoading Unit Tests` → it skips data URL images" file="tests/Unit/LazyLoadingTest.php::`LazyLoading Unit Tests` → it skips data URL images" class="Tests\Unit\LazyLoadingTest" classname="Tests.Unit.LazyLoadingTest" assertions="2" time="0.000341"/>
    <testcase name="`LazyLoading Unit Tests` → it skips images with no-lazy class" file="tests/Unit/LazyLoadingTest.php::`LazyLoading Unit Tests` → it skips images with no-lazy class" class="Tests\Unit\LazyLoadingTest" classname="Tests.Unit.LazyLoadingTest" assertions="2" time="0.000350"/>
    <testcase name="`LazyLoading Unit Tests` → it handles multiple images in content" file="tests/Unit/LazyLoadingTest.php::`LazyLoading Unit Tests` → it handles multiple images in content" class="Tests\Unit\LazyLoadingTest" classname="Tests.Unit.LazyLoadingTest" assertions="5" time="0.000404"/>
    <testcase name="`LazyLoading Unit Tests` → it preserves existing attributes" file="tests/Unit/LazyLoadingTest.php::`LazyLoading Unit Tests` → it preserves existing attributes" class="Tests\Unit\LazyLoadingTest" classname="Tests.Unit.LazyLoadingTest" assertions="6" time="0.000332"/>
  </testsuite>
</testsuites>
