<?xml version="1.0" encoding="UTF-8"?>
<testsuites>
  <testsuite name="CLI Arguments" tests="83" assertions="196" errors="0" failures="0" skipped="0" time="0.090387">
    <testsuite name="Tests\Unit\AssetMinificationEdgeCasesTest" file="tests/Unit/AssetMinificationEdgeCasesTest.php" tests="24" assertions="31" errors="0" failures="0" skipped="0" time="0.019442">
      <testcase name="`AssetMinification Edge Cases` → it processes assets with empty queue" file="tests/Unit/AssetMinificationEdgeCasesTest.php::`AssetMinification Edge Cases` → it processes assets with empty queue" class="Tests\Unit\AssetMinificationEdgeCasesTest" classname="Tests.Unit.AssetMinificationEdgeCasesTest" assertions="2" time="0.008581"/>
      <testcase name="`AssetMinification Edge Cases` → it processes assets with null wp_styles" file="tests/Unit/AssetMinificationEdgeCasesTest.php::`AssetMinification Edge Cases` → it processes assets with null wp_styles" class="Tests\Unit\AssetMinificationEdgeCasesTest" classname="Tests.Unit.AssetMinificationEdgeCasesTest" assertions="1" time="0.000549"/>
      <testcase name="`AssetMinification Edge Cases` → it processes assets with null wp_scripts" file="tests/Unit/AssetMinificationEdgeCasesTest.php::`AssetMinification Edge Cases` → it processes assets with null wp_scripts" class="Tests\Unit\AssetMinificationEdgeCasesTest" classname="Tests.Unit.AssetMinificationEdgeCasesTest" assertions="1" time="0.000358"/>
      <testcase name="`AssetMinification Edge Cases` → it does not process assets with empty src" file="tests/Unit/AssetMinificationEdgeCasesTest.php::`AssetMinification Edge Cases` → it does not process assets with empty src" class="Tests\Unit\AssetMinificationEdgeCasesTest" classname="Tests.Unit.AssetMinificationEdgeCasesTest" assertions="1" time="0.000408"/>
      <testcase name="`AssetMinification Edge Cases` → it does not process assets with null src" file="tests/Unit/AssetMinificationEdgeCasesTest.php::`AssetMinification Edge Cases` → it does not process assets with null src" class="Tests\Unit\AssetMinificationEdgeCasesTest" classname="Tests.Unit.AssetMinificationEdgeCasesTest" assertions="1" time="0.000330"/>
      <testcase name="`AssetMinification Edge Cases` → it does not process assets with invalid path" file="tests/Unit/AssetMinificationEdgeCasesTest.php::`AssetMinification Edge Cases` → it does not process assets with invalid path" class="Tests\Unit\AssetMinificationEdgeCasesTest" classname="Tests.Unit.AssetMinificationEdgeCasesTest" assertions="1" time="0.000359"/>
      <testcase name="`AssetMinification Edge Cases` → it handles malformed CSS gracefully" file="tests/Unit/AssetMinificationEdgeCasesTest.php::`AssetMinification Edge Cases` → it handles malformed CSS gracefully" class="Tests\Unit\AssetMinificationEdgeCasesTest" classname="Tests.Unit.AssetMinificationEdgeCasesTest" assertions="1" time="0.000481"/>
      <testcase name="`AssetMinification Edge Cases` → it handles malformed JS gracefully" file="tests/Unit/AssetMinificationEdgeCasesTest.php::`AssetMinification Edge Cases` → it handles malformed JS gracefully" class="Tests\Unit\AssetMinificationEdgeCasesTest" classname="Tests.Unit.AssetMinificationEdgeCasesTest" assertions="1" time="0.000389"/>
      <testcase name="`AssetMinification Edge Cases` → it returns empty string for empty URL" file="tests/Unit/AssetMinificationEdgeCasesTest.php::`AssetMinification Edge Cases` → it returns empty string for empty URL" class="Tests\Unit\AssetMinificationEdgeCasesTest" classname="Tests.Unit.AssetMinificationEdgeCasesTest" assertions="1" time="0.000462"/>
      <testcase name="`AssetMinification Edge Cases` → it handles non-matching URL" file="tests/Unit/AssetMinificationEdgeCasesTest.php::`AssetMinification Edge Cases` → it handles non-matching URL" class="Tests\Unit\AssetMinificationEdgeCasesTest" classname="Tests.Unit.AssetMinificationEdgeCasesTest" assertions="2" time="0.000513"/>
      <testcase name="`AssetMinification Edge Cases` → it generates cache URL with empty key" file="tests/Unit/AssetMinificationEdgeCasesTest.php::`AssetMinification Edge Cases` → it generates cache URL with empty key" class="Tests\Unit\AssetMinificationEdgeCasesTest" classname="Tests.Unit.AssetMinificationEdgeCasesTest" assertions="2" time="0.000403"/>
      <testcase name="`AssetMinification Edge Cases` → it handles special characters in cache key" file="tests/Unit/AssetMinificationEdgeCasesTest.php::`AssetMinification Edge Cases` → it handles special characters in cache key" class="Tests\Unit\AssetMinificationEdgeCasesTest" classname="Tests.Unit.AssetMinificationEdgeCasesTest" assertions="2" time="0.000435"/>
      <testcase name="`AssetMinification Edge Cases` → it handles missing theme CSS gracefully" file="tests/Unit/AssetMinificationEdgeCasesTest.php::`AssetMinification Edge Cases` → it handles missing theme CSS gracefully" class="Tests\Unit\AssetMinificationEdgeCasesTest" classname="Tests.Unit.AssetMinificationEdgeCasesTest" assertions="1" time="0.000438"/>
      <testcase name="`AssetMinification Edge Cases` → it handles empty theme CSS file" file="tests/Unit/AssetMinificationEdgeCasesTest.php::`AssetMinification Edge Cases` → it handles empty theme CSS file" class="Tests\Unit\AssetMinificationEdgeCasesTest" classname="Tests.Unit.AssetMinificationEdgeCasesTest" assertions="1" time="0.000785"/>
      <testcase name="`AssetMinification Edge Cases` → it handles corrupt theme CSS file" file="tests/Unit/AssetMinificationEdgeCasesTest.php::`AssetMinification Edge Cases` → it handles corrupt theme CSS file" class="Tests\Unit\AssetMinificationEdgeCasesTest" classname="Tests.Unit.AssetMinificationEdgeCasesTest" assertions="1" time="0.000484"/>
      <testcase name="`AssetMinification Edge Cases` → it defers CSS loading with no combined JS" file="tests/Unit/AssetMinificationEdgeCasesTest.php::`AssetMinification Edge Cases` → it defers CSS loading with no combined JS" class="Tests\Unit\AssetMinificationEdgeCasesTest" classname="Tests.Unit.AssetMinificationEdgeCasesTest" assertions="2" time="0.000538"/>
      <testcase name="`AssetMinification Edge Cases` → it handles clearing cache with non-existent directory" file="tests/Unit/AssetMinificationEdgeCasesTest.php::`AssetMinification Edge Cases` → it handles clearing cache with non-existent directory" class="Tests\Unit\AssetMinificationEdgeCasesTest" classname="Tests.Unit.AssetMinificationEdgeCasesTest" assertions="1" time="0.000676"/>
      <testcase name="`AssetMinification Edge Cases` → it handles clearing cache with permission denied" file="tests/Unit/AssetMinificationEdgeCasesTest.php::`AssetMinification Edge Cases` → it handles clearing cache with permission denied" class="Tests\Unit\AssetMinificationEdgeCasesTest" classname="Tests.Unit.AssetMinificationEdgeCasesTest" assertions="1" time="0.000584"/>
      <testcase name="`AssetMinification Edge Cases` → it does not process assets in admin area" file="tests/Unit/AssetMinificationEdgeCasesTest.php::`AssetMinification Edge Cases` → it does not process assets in admin area" class="Tests\Unit\AssetMinificationEdgeCasesTest" classname="Tests.Unit.AssetMinificationEdgeCasesTest" assertions="2" time="0.000607"/>
      <testcase name="`AssetMinification Edge Cases` → it does not process assets during AJAX" file="tests/Unit/AssetMinificationEdgeCasesTest.php::`AssetMinification Edge Cases` → it does not process assets during AJAX" class="Tests\Unit\AssetMinificationEdgeCasesTest" classname="Tests.Unit.AssetMinificationEdgeCasesTest" assertions="2" time="0.000488"/>
      <testcase name="`AssetMinification Edge Cases` → it returns normal priority for unknown asset" file="tests/Unit/AssetMinificationEdgeCasesTest.php::`AssetMinification Edge Cases` → it returns normal priority for unknown asset" class="Tests\Unit\AssetMinificationEdgeCasesTest" classname="Tests.Unit.AssetMinificationEdgeCasesTest" assertions="1" time="0.000398"/>
      <testcase name="`AssetMinification Edge Cases` → it returns normal priority for empty handle" file="tests/Unit/AssetMinificationEdgeCasesTest.php::`AssetMinification Edge Cases` → it returns normal priority for empty handle" class="Tests\Unit\AssetMinificationEdgeCasesTest" classname="Tests.Unit.AssetMinificationEdgeCasesTest" assertions="1" time="0.000381"/>
      <testcase name="`AssetMinification Edge Cases` → it does not consider empty handle as system asset" file="tests/Unit/AssetMinificationEdgeCasesTest.php::`AssetMinification Edge Cases` → it does not consider empty handle as system asset" class="Tests\Unit\AssetMinificationEdgeCasesTest" classname="Tests.Unit.AssetMinificationEdgeCasesTest" assertions="1" time="0.000404"/>
      <testcase name="`AssetMinification Edge Cases` → it does not consider null handle as system asset" file="tests/Unit/AssetMinificationEdgeCasesTest.php::`AssetMinification Edge Cases` → it does not consider null handle as system asset" class="Tests\Unit\AssetMinificationEdgeCasesTest" classname="Tests.Unit.AssetMinificationEdgeCasesTest" assertions="1" time="0.000391"/>
    </testsuite>
    <testsuite name="Tests\Unit\AssetMinificationSmartLogicTest" file="tests/Unit/AssetMinificationSmartLogicTest.php" tests="15" assertions="56" errors="0" failures="0" skipped="0" time="0.017680">
      <testcase name="`AssetMinification Smart Logic` → it excludes system assets" file="tests/Unit/AssetMinificationSmartLogicTest.php::`AssetMinification Smart Logic` → it excludes system assets" class="Tests\Unit\AssetMinificationSmartLogicTest" classname="Tests.Unit.AssetMinificationSmartLogicTest" assertions="9" time="0.012509"/>
      <testcase name="`AssetMinification Smart Logic` → it excludes explicitly excluded assets" file="tests/Unit/AssetMinificationSmartLogicTest.php::`AssetMinification Smart Logic` → it excludes explicitly excluded assets" class="Tests\Unit\AssetMinificationSmartLogicTest" classname="Tests.Unit.AssetMinificationSmartLogicTest" assertions="2" time="0.000390"/>
      <testcase name="`AssetMinification Smart Logic` → it excludes external URLs" file="tests/Unit/AssetMinificationSmartLogicTest.php::`AssetMinification Smart Logic` → it excludes external URLs" class="Tests\Unit\AssetMinificationSmartLogicTest" classname="Tests.Unit.AssetMinificationSmartLogicTest" assertions="3" time="0.000361"/>
      <testcase name="`AssetMinification Smart Logic` → it includes local URLs" file="tests/Unit/AssetMinificationSmartLogicTest.php::`AssetMinification Smart Logic` → it includes local URLs" class="Tests\Unit\AssetMinificationSmartLogicTest" classname="Tests.Unit.AssetMinificationSmartLogicTest" assertions="3" time="0.000384"/>
      <testcase name="`AssetMinification Smart Logic` → it excludes small files" file="tests/Unit/AssetMinificationSmartLogicTest.php::`AssetMinification Smart Logic` → it excludes small files" class="Tests\Unit\AssetMinificationSmartLogicTest" classname="Tests.Unit.AssetMinificationSmartLogicTest" assertions="1" time="0.000329"/>
      <testcase name="`AssetMinification Smart Logic` → it includes large files" file="tests/Unit/AssetMinificationSmartLogicTest.php::`AssetMinification Smart Logic` → it includes large files" class="Tests\Unit\AssetMinificationSmartLogicTest" classname="Tests.Unit.AssetMinificationSmartLogicTest" assertions="1" time="0.000331"/>
      <testcase name="`AssetMinification Smart Logic` → it excludes nonexistent files" file="tests/Unit/AssetMinificationSmartLogicTest.php::`AssetMinification Smart Logic` → it excludes nonexistent files" class="Tests\Unit\AssetMinificationSmartLogicTest" classname="Tests.Unit.AssetMinificationSmartLogicTest" assertions="1" time="0.000340"/>
      <testcase name="`AssetMinification Smart Logic` → it includes valid files" file="tests/Unit/AssetMinificationSmartLogicTest.php::`AssetMinification Smart Logic` → it includes valid files" class="Tests\Unit\AssetMinificationSmartLogicTest" classname="Tests.Unit.AssetMinificationSmartLogicTest" assertions="1" time="0.000334"/>
      <testcase name="`AssetMinification Smart Logic` → it detects minified CSS" file="tests/Unit/AssetMinificationSmartLogicTest.php::`AssetMinification Smart Logic` → it detects minified CSS" class="Tests\Unit\AssetMinificationSmartLogicTest" classname="Tests.Unit.AssetMinificationSmartLogicTest" assertions="2" time="0.000358"/>
      <testcase name="`AssetMinification Smart Logic` → it detects minified JS" file="tests/Unit/AssetMinificationSmartLogicTest.php::`AssetMinification Smart Logic` → it detects minified JS" class="Tests\Unit\AssetMinificationSmartLogicTest" classname="Tests.Unit.AssetMinificationSmartLogicTest" assertions="2" time="0.000358"/>
      <testcase name="`AssetMinification Smart Logic` → it handles minification edge cases" file="tests/Unit/AssetMinificationSmartLogicTest.php::`AssetMinification Smart Logic` → it handles minification edge cases" class="Tests\Unit\AssetMinificationSmartLogicTest" classname="Tests.Unit.AssetMinificationSmartLogicTest" assertions="3" time="0.000347"/>
      <testcase name="`AssetMinification Smart Logic` → it recognizes system assets" file="tests/Unit/AssetMinificationSmartLogicTest.php::`AssetMinification Smart Logic` → it recognizes system assets" class="Tests\Unit\AssetMinificationSmartLogicTest" classname="Tests.Unit.AssetMinificationSmartLogicTest" assertions="12" time="0.000447"/>
      <testcase name="`AssetMinification Smart Logic` → it returns correct asset priorities" file="tests/Unit/AssetMinificationSmartLogicTest.php::`AssetMinification Smart Logic` → it returns correct asset priorities" class="Tests\Unit\AssetMinificationSmartLogicTest" classname="Tests.Unit.AssetMinificationSmartLogicTest" assertions="14" time="0.000473"/>
      <testcase name="`AssetMinification Smart Logic` → it converts URL to path" file="tests/Unit/AssetMinificationSmartLogicTest.php::`AssetMinification Smart Logic` → it converts URL to path" class="Tests\Unit\AssetMinificationSmartLogicTest" classname="Tests.Unit.AssetMinificationSmartLogicTest" assertions="1" time="0.000356"/>
      <testcase name="`AssetMinification Smart Logic` → it generates cache URL" file="tests/Unit/AssetMinificationSmartLogicTest.php::`AssetMinification Smart Logic` → it generates cache URL" class="Tests\Unit\AssetMinificationSmartLogicTest" classname="Tests.Unit.AssetMinificationSmartLogicTest" assertions="1" time="0.000362"/>
    </testsuite>
    <testsuite name="Tests\Unit\AssetMinificationTest" file="tests/Unit/AssetMinificationTest.php" tests="2" assertions="2" errors="0" failures="0" skipped="0" time="0.011790">
      <testcase name="`AssetMinification` → it creates cache files for CSS assets" file="tests/Unit/AssetMinificationTest.php::`AssetMinification` → it creates cache files for CSS assets" class="Tests\Unit\AssetMinificationTest" classname="Tests.Unit.AssetMinificationTest" assertions="1" time="0.010954"/>
      <testcase name="`AssetMinification` → it creates cache files for JS assets" file="tests/Unit/AssetMinificationTest.php::`AssetMinification` → it creates cache files for JS assets" class="Tests\Unit\AssetMinificationTest" classname="Tests.Unit.AssetMinificationTest" assertions="1" time="0.000835"/>
    </testsuite>
    <testsuite name="Tests\Unit\ExampleTest" file="tests/Unit/ExampleTest.php" tests="1" assertions="1" errors="0" failures="0" skipped="0" time="0.002965">
      <testcase name="example" file="tests/Unit/ExampleTest.php::example" class="Tests\Unit\ExampleTest" classname="Tests.Unit.ExampleTest" assertions="1" time="0.002965"/>
    </testsuite>
    <testsuite name="Tests\Unit\FactoriesTest" file="tests/Unit/FactoriesTest.php" tests="5" assertions="19" errors="0" failures="0" skipped="0" time="0.009416">
      <testcase name="`Factories` → it creates posts with PostFactory" file="tests/Unit/FactoriesTest.php::`Factories` → it creates posts with PostFactory" class="Tests\Unit\FactoriesTest" classname="Tests.Unit.FactoriesTest" assertions="2" time="0.006902"/>
      <testcase name="`Factories` → it creates multiple posts" file="tests/Unit/FactoriesTest.php::`Factories` → it creates multiple posts" class="Tests\Unit\FactoriesTest" classname="Tests.Unit.FactoriesTest" assertions="8" time="0.000982"/>
      <testcase name="`Factories` → it creates assets with AssetFactory" file="tests/Unit/FactoriesTest.php::`Factories` → it creates assets with AssetFactory" class="Tests\Unit\FactoriesTest" classname="Tests.Unit.FactoriesTest" assertions="3" time="0.000735"/>
      <testcase name="`Factories` → it creates CSS assets" file="tests/Unit/FactoriesTest.php::`Factories` → it creates CSS assets" class="Tests\Unit\FactoriesTest" classname="Tests.Unit.FactoriesTest" assertions="3" time="0.000408"/>
      <testcase name="`Factories` → it creates JS assets" file="tests/Unit/FactoriesTest.php::`Factories` → it creates JS assets" class="Tests\Unit\FactoriesTest" classname="Tests.Unit.FactoriesTest" assertions="3" time="0.000390"/>
    </testsuite>
    <testsuite name="Tests\Unit\MediaCleanupServiceTest" file="tests/Unit/MediaCleanupServiceTest.php" tests="2" assertions="8" errors="0" failures="0" skipped="0" time="0.004575">
      <testcase name="`MediaCleanupService` → it returns registered sizes" file="tests/Unit/MediaCleanupServiceTest.php::`MediaCleanupService` → it returns registered sizes" class="Tests\Unit\MediaCleanupServiceTest" classname="Tests.Unit.MediaCleanupServiceTest" assertions="4" time="0.004208"/>
      <testcase name="`MediaCleanupService` → it checks if file should be deleted" file="tests/Unit/MediaCleanupServiceTest.php::`MediaCleanupService` → it checks if file should be deleted" class="Tests\Unit\MediaCleanupServiceTest" classname="Tests.Unit.MediaCleanupServiceTest" assertions="4" time="0.000367"/>
    </testsuite>
    <testsuite name="Tests\Unit\ModuleSystemTest" file="tests/Unit/ModuleSystemTest.php" tests="5" assertions="10" errors="0" failures="0" skipped="0" time="0.002350">
      <testcase name="`Module System` → it has ModuleInterface" file="tests/Unit/ModuleSystemTest.php::`Module System` → it has ModuleInterface" class="Tests\Unit\ModuleSystemTest" classname="Tests.Unit.ModuleSystemTest" assertions="1" time="0.000957"/>
      <testcase name="`Module System` → it has traits" file="tests/Unit/ModuleSystemTest.php::`Module System` → it has traits" class="Tests\Unit\ModuleSystemTest" classname="Tests.Unit.ModuleSystemTest" assertions="3" time="0.000440"/>
      <testcase name="`Module System` → it AjaxTrait has methods" file="tests/Unit/ModuleSystemTest.php::`Module System` → it AjaxTrait has methods" class="Tests\Unit\ModuleSystemTest" classname="Tests.Unit.ModuleSystemTest" assertions="1" time="0.000229"/>
      <testcase name="`Module System` → it WidgetTrait has methods" file="tests/Unit/ModuleSystemTest.php::`Module System` → it WidgetTrait has methods" class="Tests\Unit\ModuleSystemTest" classname="Tests.Unit.ModuleSystemTest" assertions="1" time="0.000227"/>
      <testcase name="`Module System` → it Redirects module works" file="tests/Unit/ModuleSystemTest.php::`Module System` → it Redirects module works" class="Tests\Unit\ModuleSystemTest" classname="Tests.Unit.ModuleSystemTest" assertions="4" time="0.000497"/>
    </testsuite>
    <testsuite name="Tests\Unit\Services\AssetOptimizationServiceTest" file="tests/Unit/Services/AssetOptimizationServiceTest.php" tests="15" assertions="34" errors="0" failures="0" skipped="0" time="0.008630">
      <testcase name="`AssetOptimizationService` → it minifies CSS" file="tests/Unit/Services/AssetOptimizationServiceTest.php::`AssetOptimizationService` → it minifies CSS" class="Tests\Unit\Services\AssetOptimizationServiceTest" classname="Tests.Unit.Services.AssetOptimizationServiceTest" assertions="6" time="0.003473"/>
      <testcase name="`AssetOptimizationService` → it handles already minified CSS" file="tests/Unit/Services/AssetOptimizationServiceTest.php::`AssetOptimizationService` → it handles already minified CSS" class="Tests\Unit\Services\AssetOptimizationServiceTest" classname="Tests.Unit.Services.AssetOptimizationServiceTest" assertions="2" time="0.000411"/>
      <testcase name="`AssetOptimizationService` → it minifies JS" file="tests/Unit/Services/AssetOptimizationServiceTest.php::`AssetOptimizationService` → it minifies JS" class="Tests\Unit\Services\AssetOptimizationServiceTest" classname="Tests.Unit.Services.AssetOptimizationServiceTest" assertions="5" time="0.000428"/>
      <testcase name="`AssetOptimizationService` → it combines CSS files" file="tests/Unit/Services/AssetOptimizationServiceTest.php::`AssetOptimizationService` → it combines CSS files" class="Tests\Unit\Services\AssetOptimizationServiceTest" classname="Tests.Unit.Services.AssetOptimizationServiceTest" assertions="2" time="0.000354"/>
      <testcase name="`AssetOptimizationService` → it combines JS files" file="tests/Unit/Services/AssetOptimizationServiceTest.php::`AssetOptimizationService` → it combines JS files" class="Tests\Unit\Services\AssetOptimizationServiceTest" classname="Tests.Unit.Services.AssetOptimizationServiceTest" assertions="2" time="0.000441"/>
      <testcase name="`AssetOptimizationService` → it generates consistent versions" file="tests/Unit/Services/AssetOptimizationServiceTest.php::`AssetOptimizationService` → it generates consistent versions" class="Tests\Unit\Services\AssetOptimizationServiceTest" classname="Tests.Unit.Services.AssetOptimizationServiceTest" assertions="4" time="0.000508"/>
      <testcase name="`AssetOptimizationService` → it saves content to cache" file="tests/Unit/Services/AssetOptimizationServiceTest.php::`AssetOptimizationService` → it saves content to cache" class="Tests\Unit\Services\AssetOptimizationServiceTest" classname="Tests.Unit.Services.AssetOptimizationServiceTest" assertions="2" time="0.000453"/>
      <testcase name="`AssetOptimizationService` → it retrieves content from cache" file="tests/Unit/Services/AssetOptimizationServiceTest.php::`AssetOptimizationService` → it retrieves content from cache" class="Tests\Unit\Services\AssetOptimizationServiceTest" classname="Tests.Unit.Services.AssetOptimizationServiceTest" assertions="1" time="0.000360"/>
      <testcase name="`AssetOptimizationService` → it returns null for nonexistent cache key" file="tests/Unit/Services/AssetOptimizationServiceTest.php::`AssetOptimizationService` → it returns null for nonexistent cache key" class="Tests\Unit\Services\AssetOptimizationServiceTest" classname="Tests.Unit.Services.AssetOptimizationServiceTest" assertions="1" time="0.000279"/>
      <testcase name="`AssetOptimizationService` → it extracts critical CSS" file="tests/Unit/Services/AssetOptimizationServiceTest.php::`AssetOptimizationService` → it extracts critical CSS" class="Tests\Unit\Services\AssetOptimizationServiceTest" classname="Tests.Unit.Services.AssetOptimizationServiceTest" assertions="3" time="0.000399"/>
      <testcase name="`AssetOptimizationService` → it handles empty CSS minification" file="tests/Unit/Services/AssetOptimizationServiceTest.php::`AssetOptimizationService` → it handles empty CSS minification" class="Tests\Unit\Services\AssetOptimizationServiceTest" classname="Tests.Unit.Services.AssetOptimizationServiceTest" assertions="1" time="0.000319"/>
      <testcase name="`AssetOptimizationService` → it handles empty JS minification" file="tests/Unit/Services/AssetOptimizationServiceTest.php::`AssetOptimizationService` → it handles empty JS minification" class="Tests\Unit\Services\AssetOptimizationServiceTest" classname="Tests.Unit.Services.AssetOptimizationServiceTest" assertions="1" time="0.000275"/>
      <testcase name="`AssetOptimizationService` → it handles empty CSS combination" file="tests/Unit/Services/AssetOptimizationServiceTest.php::`AssetOptimizationService` → it handles empty CSS combination" class="Tests\Unit\Services\AssetOptimizationServiceTest" classname="Tests.Unit.Services.AssetOptimizationServiceTest" assertions="1" time="0.000287"/>
      <testcase name="`AssetOptimizationService` → it handles empty JS combination" file="tests/Unit/Services/AssetOptimizationServiceTest.php::`AssetOptimizationService` → it handles empty JS combination" class="Tests\Unit\Services\AssetOptimizationServiceTest" classname="Tests.Unit.Services.AssetOptimizationServiceTest" assertions="1" time="0.000271"/>
      <testcase name="`AssetOptimizationService` → it generates version for empty content" file="tests/Unit/Services/AssetOptimizationServiceTest.php::`AssetOptimizationService` → it generates version for empty content" class="Tests\Unit\Services\AssetOptimizationServiceTest" classname="Tests.Unit.Services.AssetOptimizationServiceTest" assertions="2" time="0.000372"/>
    </testsuite>
    <testsuite name="Tests\Unit\Services\SimpleAssetOptimizationServiceTest" file="tests/Unit/Services/SimpleAssetOptimizationServiceTest.php" tests="11" assertions="27" errors="0" failures="0" skipped="0" time="0.008811">
      <testcase name="`SimpleAssetOptimizationService` → it minifies basic CSS" file="tests/Unit/Services/SimpleAssetOptimizationServiceTest.php::`SimpleAssetOptimizationService` → it minifies basic CSS" class="Tests\Unit\Services\SimpleAssetOptimizationServiceTest" classname="Tests.Unit.Services.SimpleAssetOptimizationServiceTest" assertions="3" time="0.004972"/>
      <testcase name="`SimpleAssetOptimizationService` → it removes comments from CSS" file="tests/Unit/Services/SimpleAssetOptimizationServiceTest.php::`SimpleAssetOptimizationService` → it removes comments from CSS" class="Tests\Unit\Services\SimpleAssetOptimizationServiceTest" classname="Tests.Unit.Services.SimpleAssetOptimizationServiceTest" assertions="3" time="0.000446"/>
      <testcase name="`SimpleAssetOptimizationService` → it minifies basic JS" file="tests/Unit/Services/SimpleAssetOptimizationServiceTest.php::`SimpleAssetOptimizationService` → it minifies basic JS" class="Tests\Unit\Services\SimpleAssetOptimizationServiceTest" classname="Tests.Unit.Services.SimpleAssetOptimizationServiceTest" assertions="3" time="0.000332"/>
      <testcase name="`SimpleAssetOptimizationService` → it removes comments from JS" file="tests/Unit/Services/SimpleAssetOptimizationServiceTest.php::`SimpleAssetOptimizationService` → it removes comments from JS" class="Tests\Unit\Services\SimpleAssetOptimizationServiceTest" classname="Tests.Unit.Services.SimpleAssetOptimizationServiceTest" assertions="4" time="0.000324"/>
      <testcase name="`SimpleAssetOptimizationService` → it generates version" file="tests/Unit/Services/SimpleAssetOptimizationServiceTest.php::`SimpleAssetOptimizationService` → it generates version" class="Tests\Unit\Services\SimpleAssetOptimizationServiceTest" classname="Tests.Unit.Services.SimpleAssetOptimizationServiceTest" assertions="3" time="0.000341"/>
      <testcase name="`SimpleAssetOptimizationService` → it generates same version for same content" file="tests/Unit/Services/SimpleAssetOptimizationServiceTest.php::`SimpleAssetOptimizationService` → it generates same version for same content" class="Tests\Unit\Services\SimpleAssetOptimizationServiceTest" classname="Tests.Unit.Services.SimpleAssetOptimizationServiceTest" assertions="1" time="0.000272"/>
      <testcase name="`SimpleAssetOptimizationService` → it saves and gets from cache" file="tests/Unit/Services/SimpleAssetOptimizationServiceTest.php::`SimpleAssetOptimizationService` → it saves and gets from cache" class="Tests\Unit\Services\SimpleAssetOptimizationServiceTest" classname="Tests.Unit.Services.SimpleAssetOptimizationServiceTest" assertions="1" time="0.000445"/>
      <testcase name="`SimpleAssetOptimizationService` → it returns null for nonexistent cache key" file="tests/Unit/Services/SimpleAssetOptimizationServiceTest.php::`SimpleAssetOptimizationService` → it returns null for nonexistent cache key" class="Tests\Unit\Services\SimpleAssetOptimizationServiceTest" classname="Tests.Unit.Services.SimpleAssetOptimizationServiceTest" assertions="1" time="0.000325"/>
      <testcase name="`SimpleAssetOptimizationService` → it extracts critical CSS" file="tests/Unit/Services/SimpleAssetOptimizationServiceTest.php::`SimpleAssetOptimizationService` → it extracts critical CSS" class="Tests\Unit\Services\SimpleAssetOptimizationServiceTest" classname="Tests.Unit.Services.SimpleAssetOptimizationServiceTest" assertions="4" time="0.000361"/>
      <testcase name="`SimpleAssetOptimizationService` → it combines CSS files" file="tests/Unit/Services/SimpleAssetOptimizationServiceTest.php::`SimpleAssetOptimizationService` → it combines CSS files" class="Tests\Unit\Services\SimpleAssetOptimizationServiceTest" classname="Tests.Unit.Services.SimpleAssetOptimizationServiceTest" assertions="2" time="0.000550"/>
      <testcase name="`SimpleAssetOptimizationService` → it combines JS files" file="tests/Unit/Services/SimpleAssetOptimizationServiceTest.php::`SimpleAssetOptimizationService` → it combines JS files" class="Tests\Unit\Services\SimpleAssetOptimizationServiceTest" classname="Tests.Unit.Services.SimpleAssetOptimizationServiceTest" assertions="2" time="0.000443"/>
    </testsuite>
    <testsuite name="Tests\Feature\SmokeTest" file="tests/Feature/SmokeTest.php" tests="2" assertions="7" errors="0" failures="0" skipped="0" time="0.003749">
      <testcase name="`Smoke Test` → it tests plugin initialization" file="tests/Feature/SmokeTest.php::`Smoke Test` → it tests plugin initialization" class="Tests\Feature\SmokeTest" classname="Tests.Feature.SmokeTest" assertions="5" time="0.003481"/>
      <testcase name="`Smoke Test` → it tests services instantiation" file="tests/Feature/SmokeTest.php::`Smoke Test` → it tests services instantiation" class="Tests\Feature\SmokeTest" classname="Tests.Feature.SmokeTest" assertions="2" time="0.000268"/>
    </testsuite>
    <testsuite name="Tests\Feature\ExampleTest" file="tests/Feature/ExampleTest.php" tests="1" assertions="1" errors="0" failures="0" skipped="0" time="0.000979">
      <testcase name="example" file="tests/Feature/ExampleTest.php::example" class="Tests\Feature\ExampleTest" classname="Tests.Feature.ExampleTest" assertions="1" time="0.000979"/>
    </testsuite>
  </testsuite>
</testsuites>
