<?xml version="1.0" encoding="UTF-8"?>
<testsuites>
  <testsuite name="Tests\Feature\LazyLoadingIntegrationTest" file="tests/Feature/LazyLoadingIntegrationTest.php" tests="10" assertions="13" errors="0" failures="0" skipped="0" time="0.011295">
    <testcase name="`LazyLoading Integration` → it activates module without errors" file="tests/Feature/LazyLoadingIntegrationTest.php::`LazyLoading Integration` → it activates module without errors" class="Tests\Feature\LazyLoadingIntegrationTest" classname="Tests.Feature.LazyLoadingIntegrationTest" assertions="2" time="0.008334"/>
    <testcase name="`LazyLoading Integration` → it loads LazyLoading class" file="tests/Feature/LazyLoadingIntegrationTest.php::`LazyLoading Integration` → it loads LazyLoading class" class="Tests\Feature\LazyLoadingIntegrationTest" classname="Tests.Feature.LazyLoadingIntegrationTest" assertions="2" time="0.000422"/>
    <testcase name="`LazyLoading Integration` → it applies settings correctly" file="tests/Feature/LazyLoadingIntegrationTest.php::`LazyLoading Integration` → it applies settings correctly" class="Tests\Feature\LazyLoadingIntegrationTest" classname="Tests.Feature.LazyLoadingIntegrationTest" assertions="1" time="0.000270"/>
    <testcase name="`LazyLoading Integration` → it enqueues JavaScript on frontend" file="tests/Feature/LazyLoadingIntegrationTest.php::`LazyLoading Integration` → it enqueues JavaScript on frontend" class="Tests\Feature\LazyLoadingIntegrationTest" classname="Tests.Feature.LazyLoadingIntegrationTest" assertions="1" time="0.000268"/>
    <testcase name="`LazyLoading Integration` → it generates blur placeholders correctly" file="tests/Feature/LazyLoadingIntegrationTest.php::`LazyLoading Integration` → it generates blur placeholders correctly" class="Tests\Feature\LazyLoadingIntegrationTest" classname="Tests.Feature.LazyLoadingIntegrationTest" assertions="1" time="0.000248"/>
    <testcase name="`LazyLoading Integration` → it applies lazy loading to content" file="tests/Feature/LazyLoadingIntegrationTest.php::`LazyLoading Integration` → it applies lazy loading to content" class="Tests\Feature\LazyLoadingIntegrationTest" classname="Tests.Feature.LazyLoadingIntegrationTest" assertions="2" time="0.000524"/>
    <testcase name="`LazyLoading Integration` → it handles iframe and video elements" file="tests/Feature/LazyLoadingIntegrationTest.php::`LazyLoading Integration` → it handles iframe and video elements" class="Tests\Feature\LazyLoadingIntegrationTest" classname="Tests.Feature.LazyLoadingIntegrationTest" assertions="1" time="0.000277"/>
    <testcase name="`LazyLoading Integration` → it maintains performance under 10ms increase" file="tests/Feature/LazyLoadingIntegrationTest.php::`LazyLoading Integration` → it maintains performance under 10ms increase" class="Tests\Feature\LazyLoadingIntegrationTest" classname="Tests.Feature.LazyLoadingIntegrationTest" assertions="1" time="0.000369"/>
    <testcase name="`LazyLoading Integration` → it handles errors gracefully" file="tests/Feature/LazyLoadingIntegrationTest.php::`LazyLoading Integration` → it handles errors gracefully" class="Tests\Feature\LazyLoadingIntegrationTest" classname="Tests.Feature.LazyLoadingIntegrationTest" assertions="1" time="0.000303"/>
    <testcase name="`LazyLoading Integration` → it respects lazy_types setting" file="tests/Feature/LazyLoadingIntegrationTest.php::`LazyLoading Integration` → it respects lazy_types setting" class="Tests\Feature\LazyLoadingIntegrationTest" classname="Tests.Feature.LazyLoadingIntegrationTest" assertions="1" time="0.000279"/>
  </testsuite>
</testsuites>
